<?xml version="1.0" encoding="UTF-8"?>
<testsuite name="Enviar correo" tests="2" skipped="2" failures="0" errors="0" timestamp="2018-12-18T20:38:21" hostname="PVID3DN8RN2" time="0.956">
  <properties/>
  <testcase name=": Enviando un correo en Gmail" classname="Enviar correo" time="0.018">
    <skipped/>
  </testcase>
  <testcase name=": Enviando un correo en Gmail" classname="Enviar correo" time="0.907">
    <skipped/>
  </testcase>
  <system-out><![CDATA[]]></system-out>
  <system-err><![CDATA[[Test worker] INFO net.serenitybdd.core.Serenity - TEST PENDING
[Test worker] INFO net.serenitybdd.core.Serenity - TEST PENDING
[Test worker] INFO net.serenitybdd.core.Serenity - TEST PENDING
[Test worker] INFO net.serenitybdd.core.Serenity - TEST PENDING
[Test worker] INFO net.serenitybdd.core.Serenity - TEST PENDING
[Test worker] INFO net.serenitybdd.core.Serenity - 
          __  _____ _____ ____ _____   ____  _____ _   _ ____ ___ _   _  ____ 
 _       / / |_   _| ____/ ___|_   _| |  _ \| ____| \ | |  _ \_ _| \ | |/ ___|
(_)____ / /    | | |  _| \___ \ | |   | |_) |  _| |  \| | | | | ||  \| | |  _ 
 |_____/ /     | | | |___ ___) || |   |  __/| |___| |\  | |_| | || |\  | |_| |
(_)   /_/      |_| |_____|____/ |_|   |_|   |_____|_| \_|____/___|_| \_|\____|
                                                                                

TEST PENDING: : Enviando un correo en Gmail
---------------------------------------------------------------------------------
[Test worker] INFO net.serenitybdd.core.Serenity - TEST PENDING
[Test worker] INFO net.serenitybdd.core.Serenity - TEST PENDING
[Test worker] INFO net.serenitybdd.core.Serenity - TEST PENDING
[Test worker] INFO net.serenitybdd.core.Serenity - TEST PENDING
[Test worker] INFO net.serenitybdd.core.Serenity - TEST PENDING
[Test worker] INFO net.serenitybdd.core.Serenity - 
          __  _____ _____ ____ _____   ____  _____ _   _ ____ ___ _   _  ____ 
 _       / / |_   _| ____/ ___|_   _| |  _ \| ____| \ | |  _ \_ _| \ | |/ ___|
(_)____ / /    | | |  _| \___ \ | |   | |_) |  _| |  \| | | | | ||  \| | |  _ 
 |_____/ /     | | | |___ ___) || |   |  __/| |___| |\  | |_| | || |\  | |_| |
(_)   /_/      |_| |_____|____/ |_|   |_|   |_____|_| \_|____/___|_| \_|\____|
                                                                                

TEST PENDING: : Enviando un correo en Gmail
---------------------------------------------------------------------------------
]]></system-err>
</testsuite>
