<?xml version="1.0" encoding="UTF-8"?>
<testsuite name="Enviar correo" tests="4" skipped="0" failures="0" errors="0" timestamp="2018-12-28T14:40:38" hostname="PVID3DN8RN2" time="214.806">
  <properties/>
  <testcase name=": Enviando un correo en Gmail" classname="Enviar correo" time="54.08"/>
  <testcase name=": Enviando un correo en Gmail" classname="Enviar correo" time="52.925"/>
  <testcase name=": Enviando un correo en Gmail" classname="Enviar correo" time="52.628"/>
  <testcase name=": Enviando un correo en Gmail" classname="Enviar correo" time="55.16"/>
  <system-out><![CDATA[]]></system-out>
  <system-err><![CDATA[[Test worker] INFO net.serenitybdd.core.Serenity - STARTING STEP Dado Estoy en la bandeja de entrada de Gmail con usuario pruebascaoliva@gmail.com y contrasena testingsura
dic 28, 2018 9:40:38 AM org.openqa.selenium.remote.DesiredCapabilities chrome
INFORMACIÓN: Using `new ChromeOptions()` is preferred to `DesiredCapabilities.chrome()`
Starting ChromeDriver 2.45.615291 (ec3682e3c9061c10f26ea9e5cdcf3c53f3f74387) on port 9315
Only local connections are allowed.
dic 28, 2018 9:40:40 AM org.openqa.selenium.remote.ProtocolHandshake createSession
INFORMACIÓN: Detected dialect: OSS
[Test worker] INFO net.serenitybdd.core.Serenity - STARTING STEP Abrir bandeja de entrada: pruebascaoliva@gmail.com, testingsura
[Test worker] INFO net.serenitybdd.core.Serenity - FINISHING STEP
[Test worker] INFO net.serenitybdd.core.Serenity - FINISHING STEP
[Test worker] INFO net.serenitybdd.core.Serenity - STARTING STEP Cuando Redacto un correo para pruebadestinatario@gmail.com con asunto Prueba y contenido Prueba que pasaria
[Test worker] INFO net.serenitybdd.core.Serenity - STARTING STEP Redactar correo: pruebadestinatario@gmail.com, Prueba, Prueba que pasaria
[Test worker] INFO net.serenitybdd.core.Serenity - FINISHING STEP
[Test worker] INFO net.serenitybdd.core.Serenity - FINISHING STEP
[Test worker] INFO net.serenitybdd.core.Serenity - STARTING STEP Entonces Deberia poder enviar mi correo
[Test worker] INFO net.serenitybdd.core.Serenity - STARTING STEP Enviar correo
[Test worker] INFO net.serenitybdd.core.Serenity - FINISHING STEP
[Test worker] INFO net.serenitybdd.core.Serenity - STARTING STEP Ver mensaje enviado
[Test worker] INFO net.serenitybdd.core.Serenity - FINISHING STEP
[Test worker] INFO net.serenitybdd.core.Serenity - STARTING STEP Cerrar sesion
[Test worker] INFO net.serenitybdd.core.Serenity - FINISHING STEP
[Test worker] INFO net.serenitybdd.core.Serenity - FINISHING STEP
[Test worker] INFO net.serenitybdd.core.Serenity - STARTING STEP Entonces Deberia poder ver en la cuenta pruebadestinatario@gmail.com con pass testingsura el correo con remitente pruebascaoliva@gmail.com asunto Prueba y contenido Prueba que pasaria
dic 28, 2018 9:41:09 AM org.openqa.selenium.remote.DesiredCapabilities chrome
INFORMACIÓN: Using `new ChromeOptions()` is preferred to `DesiredCapabilities.chrome()`
dic 28, 2018 9:41:10 AM org.openqa.selenium.remote.ProtocolHandshake createSession
INFORMACIÓN: Detected dialect: OSS
[Test worker] INFO net.serenitybdd.core.Serenity - STARTING STEP Abrir bandeja de entrada: pruebadestinatario@gmail.com, testingsura
[Test worker] INFO net.serenitybdd.core.Serenity - FINISHING STEP
[Test worker] INFO net.serenitybdd.core.Serenity - STARTING STEP Revisar correo recibido: pruebascaoliva@gmail.com, Prueba, Prueba que pasaria
[Test worker] INFO net.serenitybdd.core.Serenity - FINISHING STEP
[Test worker] INFO net.serenitybdd.core.Serenity - FINISHING STEP
[Test worker] INFO net.serenitybdd.core.Serenity - FINISHING STEP
[Test worker] INFO net.serenitybdd.core.Serenity - ?[92m
        __    _____ _____ ____ _____   ____   _    ____  ____  _____ ____  
  _     \ \  |_   _| ____/ ___|_   _| |  _ \ / \  / ___|/ ___|| ____|  _ \ 
 (_)_____| |   | | |  _| \___ \ | |   | |_) / _ \ \___ \\___ \|  _| | | | |
  _|_____| |   | | | |___ ___) || |   |  __/ ___ \ ___) |___) | |___| |_| |
 (_)     | |   |_| |_____|____/ |_|   |_| /_/   \_\____/|____/|_____|____/ 
        /_/                                                                

TEST PASSED: : Enviando un correo en Gmail
----------------------------------------------------------------------------?[0m
[Test worker] INFO net.serenitybdd.core.Serenity - STARTING STEP Dado Estoy en la bandeja de entrada de Gmail con usuario pruebascaoliva@gmail.com y contrasena testingsura
dic 28, 2018 9:41:32 AM org.openqa.selenium.remote.DesiredCapabilities chrome
INFORMACIÓN: Using `new ChromeOptions()` is preferred to `DesiredCapabilities.chrome()`
dic 28, 2018 9:41:33 AM org.openqa.selenium.remote.ProtocolHandshake createSession
INFORMACIÓN: Detected dialect: OSS
[Test worker] INFO net.serenitybdd.core.Serenity - STARTING STEP Abrir bandeja de entrada: pruebascaoliva@gmail.com, testingsura
[Test worker] INFO net.serenitybdd.core.Serenity - FINISHING STEP
[Test worker] INFO net.serenitybdd.core.Serenity - FINISHING STEP
[Test worker] INFO net.serenitybdd.core.Serenity - STARTING STEP Cuando Redacto un correo para pruebadestinatario@gmail.com con asunto Prueba 2 y contenido 2 Prueba que pasaria
[Test worker] INFO net.serenitybdd.core.Serenity - STARTING STEP Redactar correo: pruebadestinatario@gmail.com, Prueba 2, 2 Prueba que pasaria
[Test worker] INFO net.serenitybdd.core.Serenity - FINISHING STEP
[Test worker] INFO net.serenitybdd.core.Serenity - FINISHING STEP
[Test worker] INFO net.serenitybdd.core.Serenity - STARTING STEP Entonces Deberia poder enviar mi correo
[Test worker] INFO net.serenitybdd.core.Serenity - STARTING STEP Enviar correo
[Test worker] INFO net.serenitybdd.core.Serenity - FINISHING STEP
[Test worker] INFO net.serenitybdd.core.Serenity - STARTING STEP Ver mensaje enviado
[Test worker] INFO net.serenitybdd.core.Serenity - FINISHING STEP
[Test worker] INFO net.serenitybdd.core.Serenity - STARTING STEP Cerrar sesion
[Test worker] INFO net.serenitybdd.core.Serenity - FINISHING STEP
[Test worker] INFO net.serenitybdd.core.Serenity - FINISHING STEP
[Test worker] INFO net.serenitybdd.core.Serenity - STARTING STEP Entonces Deberia poder ver en la cuenta pruebadestinatario@gmail.com con pass testingsura el correo con remitente pruebascaoliva@gmail.com asunto Prueba 2 y contenido 2 Prueba que pasaria
dic 28, 2018 9:42:00 AM org.openqa.selenium.remote.DesiredCapabilities chrome
INFORMACIÓN: Using `new ChromeOptions()` is preferred to `DesiredCapabilities.chrome()`
dic 28, 2018 9:42:01 AM org.openqa.selenium.remote.ProtocolHandshake createSession
INFORMACIÓN: Detected dialect: OSS
[Test worker] INFO net.serenitybdd.core.Serenity - STARTING STEP Abrir bandeja de entrada: pruebadestinatario@gmail.com, testingsura
[Test worker] INFO net.serenitybdd.core.Serenity - FINISHING STEP
[Test worker] INFO net.serenitybdd.core.Serenity - STARTING STEP Revisar correo recibido: pruebascaoliva@gmail.com, Prueba 2, 2 Prueba que pasaria
[Test worker] INFO net.serenitybdd.core.Serenity - FINISHING STEP
[Test worker] INFO net.serenitybdd.core.Serenity - FINISHING STEP
[Test worker] INFO net.serenitybdd.core.Serenity - FINISHING STEP
[Test worker] INFO net.serenitybdd.core.Serenity - ?[92m
        __    _____ _____ ____ _____   ____   _    ____  ____  _____ ____  
  _     \ \  |_   _| ____/ ___|_   _| |  _ \ / \  / ___|/ ___|| ____|  _ \ 
 (_)_____| |   | | |  _| \___ \ | |   | |_) / _ \ \___ \\___ \|  _| | | | |
  _|_____| |   | | | |___ ___) || |   |  __/ ___ \ ___) |___) | |___| |_| |
 (_)     | |   |_| |_____|____/ |_|   |_| /_/   \_\____/|____/|_____|____/ 
        /_/                                                                

TEST PASSED: : Enviando un correo en Gmail
----------------------------------------------------------------------------?[0m
[Test worker] INFO net.serenitybdd.core.Serenity - STARTING STEP Dado Estoy en la bandeja de entrada de Gmail con usuario pruebascaoliva@gmail.com y contrasena testingsura
dic 28, 2018 9:42:25 AM org.openqa.selenium.remote.DesiredCapabilities chrome
INFORMACIÓN: Using `new ChromeOptions()` is preferred to `DesiredCapabilities.chrome()`
dic 28, 2018 9:42:26 AM org.openqa.selenium.remote.ProtocolHandshake createSession
INFORMACIÓN: Detected dialect: OSS
[Test worker] INFO net.serenitybdd.core.Serenity - STARTING STEP Abrir bandeja de entrada: pruebascaoliva@gmail.com, testingsura
[Test worker] INFO net.serenitybdd.core.Serenity - FINISHING STEP
[Test worker] INFO net.serenitybdd.core.Serenity - FINISHING STEP
[Test worker] INFO net.serenitybdd.core.Serenity - STARTING STEP Cuando Redacto un correo para pruebadestinatario@gmail.com con asunto Prueba 3 y contenido 3 Prueba que pasaria
[Test worker] INFO net.serenitybdd.core.Serenity - STARTING STEP Redactar correo: pruebadestinatario@gmail.com, Prueba 3, 3 Prueba que pasaria
[Test worker] INFO net.serenitybdd.core.Serenity - FINISHING STEP
[Test worker] INFO net.serenitybdd.core.Serenity - FINISHING STEP
[Test worker] INFO net.serenitybdd.core.Serenity - STARTING STEP Entonces Deberia poder enviar mi correo
[Test worker] INFO net.serenitybdd.core.Serenity - STARTING STEP Enviar correo
[Test worker] INFO net.serenitybdd.core.Serenity - FINISHING STEP
[Test worker] INFO net.serenitybdd.core.Serenity - STARTING STEP Ver mensaje enviado
[Test worker] INFO net.serenitybdd.core.Serenity - FINISHING STEP
[Test worker] INFO net.serenitybdd.core.Serenity - STARTING STEP Cerrar sesion
[Test worker] INFO net.serenitybdd.core.Serenity - FINISHING STEP
[Test worker] INFO net.serenitybdd.core.Serenity - FINISHING STEP
[Test worker] INFO net.serenitybdd.core.Serenity - STARTING STEP Entonces Deberia poder ver en la cuenta pruebadestinatario@gmail.com con pass testingsura el correo con remitente pruebascaoliva@gmail.com asunto Prueba 3 y contenido 3 Prueba que pasaria
dic 28, 2018 9:42:54 AM org.openqa.selenium.remote.DesiredCapabilities chrome
INFORMACIÓN: Using `new ChromeOptions()` is preferred to `DesiredCapabilities.chrome()`
dic 28, 2018 9:42:55 AM org.openqa.selenium.remote.ProtocolHandshake createSession
INFORMACIÓN: Detected dialect: OSS
[Test worker] INFO net.serenitybdd.core.Serenity - STARTING STEP Abrir bandeja de entrada: pruebadestinatario@gmail.com, testingsura
[Test worker] INFO net.serenitybdd.core.Serenity - FINISHING STEP
[Test worker] INFO net.serenitybdd.core.Serenity - STARTING STEP Revisar correo recibido: pruebascaoliva@gmail.com, Prueba 3, 3 Prueba que pasaria
[Test worker] INFO net.serenitybdd.core.Serenity - FINISHING STEP
[Test worker] INFO net.serenitybdd.core.Serenity - FINISHING STEP
[Test worker] INFO net.serenitybdd.core.Serenity - FINISHING STEP
[Test worker] INFO net.serenitybdd.core.Serenity - ?[92m
        __    _____ _____ ____ _____   ____   _    ____  ____  _____ ____  
  _     \ \  |_   _| ____/ ___|_   _| |  _ \ / \  / ___|/ ___|| ____|  _ \ 
 (_)_____| |   | | |  _| \___ \ | |   | |_) / _ \ \___ \\___ \|  _| | | | |
  _|_____| |   | | | |___ ___) || |   |  __/ ___ \ ___) |___) | |___| |_| |
 (_)     | |   |_| |_____|____/ |_|   |_| /_/   \_\____/|____/|_____|____/ 
        /_/                                                                

TEST PASSED: : Enviando un correo en Gmail
----------------------------------------------------------------------------?[0m
[Test worker] INFO net.serenitybdd.core.Serenity - STARTING STEP Dado Estoy en la bandeja de entrada de Gmail con usuario pruebascaoliva@gmail.com y contrasena testingsura
dic 28, 2018 9:43:17 AM org.openqa.selenium.remote.DesiredCapabilities chrome
INFORMACIÓN: Using `new ChromeOptions()` is preferred to `DesiredCapabilities.chrome()`
dic 28, 2018 9:43:19 AM org.openqa.selenium.remote.ProtocolHandshake createSession
INFORMACIÓN: Detected dialect: OSS
[Test worker] INFO net.serenitybdd.core.Serenity - STARTING STEP Abrir bandeja de entrada: pruebascaoliva@gmail.com, testingsura
[Test worker] INFO net.serenitybdd.core.Serenity - FINISHING STEP
[Test worker] INFO net.serenitybdd.core.Serenity - FINISHING STEP
[Test worker] INFO net.serenitybdd.core.Serenity - STARTING STEP Cuando Redacto un correo para pruebadestinatario@gmail.com con asunto Prueba 4 y contenido 4 Prueba que pasaria
[Test worker] INFO net.serenitybdd.core.Serenity - STARTING STEP Redactar correo: pruebadestinatario@gmail.com, Prueba 4, 4 Prueba que pasaria
[Test worker] INFO net.serenitybdd.core.Serenity - FINISHING STEP
[Test worker] INFO net.serenitybdd.core.Serenity - FINISHING STEP
[Test worker] INFO net.serenitybdd.core.Serenity - STARTING STEP Entonces Deberia poder enviar mi correo
[Test worker] INFO net.serenitybdd.core.Serenity - STARTING STEP Enviar correo
[Test worker] INFO net.serenitybdd.core.Serenity - FINISHING STEP
[Test worker] INFO net.serenitybdd.core.Serenity - STARTING STEP Ver mensaje enviado
[Test worker] INFO net.serenitybdd.core.Serenity - FINISHING STEP
[Test worker] INFO net.serenitybdd.core.Serenity - STARTING STEP Cerrar sesion
[Test worker] INFO net.serenitybdd.core.Serenity - FINISHING STEP
[Test worker] INFO net.serenitybdd.core.Serenity - FINISHING STEP
[Test worker] INFO net.serenitybdd.core.Serenity - STARTING STEP Entonces Deberia poder ver en la cuenta pruebadestinatario@gmail.com con pass testingsura el correo con remitente pruebascaoliva@gmail.com asunto Prueba 4 y contenido 4 Prueba que pasaria
dic 28, 2018 9:43:48 AM org.openqa.selenium.remote.DesiredCapabilities chrome
INFORMACIÓN: Using `new ChromeOptions()` is preferred to `DesiredCapabilities.chrome()`
dic 28, 2018 9:43:49 AM org.openqa.selenium.remote.ProtocolHandshake createSession
INFORMACIÓN: Detected dialect: OSS
[Test worker] INFO net.serenitybdd.core.Serenity - STARTING STEP Abrir bandeja de entrada: pruebadestinatario@gmail.com, testingsura
[Test worker] INFO net.serenitybdd.core.Serenity - FINISHING STEP
[Test worker] INFO net.serenitybdd.core.Serenity - STARTING STEP Revisar correo recibido: pruebascaoliva@gmail.com, Prueba 4, 4 Prueba que pasaria
[Test worker] INFO net.serenitybdd.core.Serenity - FINISHING STEP
[Test worker] INFO net.serenitybdd.core.Serenity - FINISHING STEP
[Test worker] INFO net.serenitybdd.core.Serenity - FINISHING STEP
[Test worker] INFO net.serenitybdd.core.Serenity - ?[92m
        __    _____ _____ ____ _____   ____   _    ____  ____  _____ ____  
  _     \ \  |_   _| ____/ ___|_   _| |  _ \ / \  / ___|/ ___|| ____|  _ \ 
 (_)_____| |   | | |  _| \___ \ | |   | |_) / _ \ \___ \\___ \|  _| | | | |
  _|_____| |   | | | |___ ___) || |   |  __/ ___ \ ___) |___) | |___| |_| |
 (_)     | |   |_| |_____|____/ |_|   |_| /_/   \_\____/|____/|_____|____/ 
        /_/                                                                

TEST PASSED: : Enviando un correo en Gmail
----------------------------------------------------------------------------?[0m
]]></system-err>
</testsuite>
