<?xml version="1.0" encoding="UTF-8"?>
<testsuite name="Enviar correo" tests="4" skipped="0" failures="0" errors="0" timestamp="2018-12-27T15:20:47" hostname="PVID3DN8RN2" time="241.058">
  <properties/>
  <testcase name=": Enviando un correo en Gmail" classname="Enviar correo" time="62.87"/>
  <testcase name=": Enviando un correo en Gmail" classname="Enviar correo" time="60.536"/>
  <testcase name=": Enviando un correo en Gmail" classname="Enviar correo" time="49.749"/>
  <testcase name=": Enviando un correo en Gmail" classname="Enviar correo" time="67.889"/>
  <system-out><![CDATA[]]></system-out>
  <system-err><![CDATA[[Test worker] INFO net.serenitybdd.core.Serenity - STARTING STEP Dado Estoy en la bandeja de entrada de Gmail con usuario pruebascaoliva@gmail.com y contrasena testingsura
dic 27, 2018 10:20:48 AM org.openqa.selenium.remote.DesiredCapabilities chrome
INFORMACIÓN: Using `new ChromeOptions()` is preferred to `DesiredCapabilities.chrome()`
Starting ChromeDriver 2.45.615291 (ec3682e3c9061c10f26ea9e5cdcf3c53f3f74387) on port 28953
Only local connections are allowed.
dic 27, 2018 10:20:50 AM org.openqa.selenium.remote.ProtocolHandshake createSession
INFORMACIÓN: Detected dialect: OSS
[Test worker] INFO net.serenitybdd.core.Serenity - STARTING STEP Abrir bandeja de entrada: pruebascaoliva@gmail.com, testingsura
[Test worker] INFO net.serenitybdd.core.Serenity - FINISHING STEP
[Test worker] INFO net.serenitybdd.core.Serenity - FINISHING STEP
[Test worker] INFO net.serenitybdd.core.Serenity - STARTING STEP Cuando Redacto un correo para pruebadestinatario@gmail.com con asunto Prueba y contenido Prueba que pasaria
[Test worker] INFO net.serenitybdd.core.Serenity - STARTING STEP Redactar correo: pruebadestinatario@gmail.com, Prueba, Prueba que pasaria
[Test worker] INFO net.serenitybdd.core.Serenity - FINISHING STEP
[Test worker] INFO net.serenitybdd.core.Serenity - FINISHING STEP
[Test worker] INFO net.serenitybdd.core.Serenity - STARTING STEP Entonces Deberia poder enviar mi correo
[Test worker] INFO net.serenitybdd.core.Serenity - STARTING STEP Enviar correo
[Test worker] INFO net.serenitybdd.core.Serenity - FINISHING STEP
[Test worker] INFO net.serenitybdd.core.Serenity - STARTING STEP Ver mensaje enviado
[Test worker] INFO net.serenitybdd.core.Serenity - FINISHING STEP
[Test worker] INFO net.serenitybdd.core.Serenity - STARTING STEP Cerrar sesion
[Test worker] INFO net.serenitybdd.core.Serenity - FINISHING STEP
[Test worker] INFO net.serenitybdd.core.Serenity - FINISHING STEP
[Test worker] INFO net.serenitybdd.core.Serenity - STARTING STEP Entonces Deberia poder ver en la cuenta pruebadestinatario@gmail.com con pass testingsura el correo con remitente pruebascaoliva@gmail.com asunto Prueba y contenido Prueba que pasaria
Starting ChromeDriver 2.45.615291 (ec3682e3c9061c10f26ea9e5cdcf3c53f3f74387) on port 27822
Only local connections are allowed.
dic 27, 2018 10:21:14 AM org.openqa.selenium.remote.ProtocolHandshake createSession
INFORMACIÓN: Detected dialect: OSS
dic 27, 2018 10:21:14 AM org.openqa.selenium.remote.DesiredCapabilities chrome
INFORMACIÓN: Using `new ChromeOptions()` is preferred to `DesiredCapabilities.chrome()`
dic 27, 2018 10:21:15 AM org.openqa.selenium.remote.ProtocolHandshake createSession
INFORMACIÓN: Detected dialect: OSS
[Test worker] INFO net.serenitybdd.core.Serenity - STARTING STEP Abrir bandeja de entrada: pruebadestinatario@gmail.com, testingsura
[Test worker] INFO net.serenitybdd.core.Serenity - FINISHING STEP
[Test worker] INFO net.serenitybdd.core.Serenity - STARTING STEP Revisar correo recibido: pruebascaoliva@gmail.com, Prueba, Prueba que pasaria
[Test worker] INFO net.serenitybdd.core.Serenity - FINISHING STEP
[Test worker] INFO net.serenitybdd.core.Serenity - FINISHING STEP
[Test worker] INFO net.serenitybdd.core.Serenity - FINISHING STEP
[Test worker] INFO net.serenitybdd.core.Serenity - ?[92m
        __    _____ _____ ____ _____   ____   _    ____  ____  _____ ____  
  _     \ \  |_   _| ____/ ___|_   _| |  _ \ / \  / ___|/ ___|| ____|  _ \ 
 (_)_____| |   | | |  _| \___ \ | |   | |_) / _ \ \___ \\___ \|  _| | | | |
  _|_____| |   | | | |___ ___) || |   |  __/ ___ \ ___) |___) | |___| |_| |
 (_)     | |   |_| |_____|____/ |_|   |_| /_/   \_\____/|____/|_____|____/ 
        /_/                                                                

TEST PASSED: : Enviando un correo en Gmail
----------------------------------------------------------------------------?[0m
[Test worker] INFO net.serenitybdd.core.Serenity - STARTING STEP Dado Estoy en la bandeja de entrada de Gmail con usuario pruebascaoliva@gmail.com y contrasena testingsura
dic 27, 2018 10:21:50 AM org.openqa.selenium.remote.DesiredCapabilities chrome
INFORMACIÓN: Using `new ChromeOptions()` is preferred to `DesiredCapabilities.chrome()`
dic 27, 2018 10:21:51 AM org.openqa.selenium.remote.ProtocolHandshake createSession
INFORMACIÓN: Detected dialect: OSS
[Test worker] INFO net.serenitybdd.core.Serenity - STARTING STEP Abrir bandeja de entrada: pruebascaoliva@gmail.com, testingsura
[Test worker] INFO net.serenitybdd.core.Serenity - FINISHING STEP
[Test worker] INFO net.serenitybdd.core.Serenity - FINISHING STEP
[Test worker] INFO net.serenitybdd.core.Serenity - STARTING STEP Cuando Redacto un correo para pruebadestinatario@gmail.com con asunto Prueba 2 y contenido 2 Prueba que pasaria
[Test worker] INFO net.serenitybdd.core.Serenity - STARTING STEP Redactar correo: pruebadestinatario@gmail.com, Prueba 2, 2 Prueba que pasaria
[Test worker] INFO net.serenitybdd.core.Serenity - FINISHING STEP
[Test worker] INFO net.serenitybdd.core.Serenity - FINISHING STEP
[Test worker] INFO net.serenitybdd.core.Serenity - STARTING STEP Entonces Deberia poder enviar mi correo
[Test worker] INFO net.serenitybdd.core.Serenity - STARTING STEP Enviar correo
[Test worker] INFO net.serenitybdd.core.Serenity - FINISHING STEP
[Test worker] INFO net.serenitybdd.core.Serenity - STARTING STEP Ver mensaje enviado
[Test worker] INFO net.serenitybdd.core.Serenity - FINISHING STEP
[Test worker] INFO net.serenitybdd.core.Serenity - STARTING STEP Cerrar sesion
[Test worker] INFO net.serenitybdd.core.Serenity - FINISHING STEP
[Test worker] INFO net.serenitybdd.core.Serenity - FINISHING STEP
[Test worker] INFO net.serenitybdd.core.Serenity - STARTING STEP Entonces Deberia poder ver en la cuenta pruebadestinatario@gmail.com con pass testingsura el correo con remitente pruebascaoliva@gmail.com asunto Prueba 2 y contenido 2 Prueba que pasaria
Starting ChromeDriver 2.45.615291 (ec3682e3c9061c10f26ea9e5cdcf3c53f3f74387) on port 4862
Only local connections are allowed.
dic 27, 2018 10:22:16 AM org.openqa.selenium.remote.ProtocolHandshake createSession
INFORMACIÓN: Detected dialect: OSS
dic 27, 2018 10:22:16 AM org.openqa.selenium.remote.DesiredCapabilities chrome
INFORMACIÓN: Using `new ChromeOptions()` is preferred to `DesiredCapabilities.chrome()`
dic 27, 2018 10:22:17 AM org.openqa.selenium.remote.ProtocolHandshake createSession
INFORMACIÓN: Detected dialect: OSS
[Test worker] INFO net.serenitybdd.core.Serenity - STARTING STEP Abrir bandeja de entrada: pruebadestinatario@gmail.com, testingsura
[Test worker] INFO net.serenitybdd.core.Serenity - FINISHING STEP
[Test worker] INFO net.serenitybdd.core.Serenity - STARTING STEP Revisar correo recibido: pruebascaoliva@gmail.com, Prueba 2, 2 Prueba que pasaria
[Test worker] INFO net.serenitybdd.core.Serenity - FINISHING STEP
[Test worker] INFO net.serenitybdd.core.Serenity - FINISHING STEP
[Test worker] INFO net.serenitybdd.core.Serenity - FINISHING STEP
[Test worker] INFO net.serenitybdd.core.Serenity - ?[92m
        __    _____ _____ ____ _____   ____   _    ____  ____  _____ ____  
  _     \ \  |_   _| ____/ ___|_   _| |  _ \ / \  / ___|/ ___|| ____|  _ \ 
 (_)_____| |   | | |  _| \___ \ | |   | |_) / _ \ \___ \\___ \|  _| | | | |
  _|_____| |   | | | |___ ___) || |   |  __/ ___ \ ___) |___) | |___| |_| |
 (_)     | |   |_| |_____|____/ |_|   |_| /_/   \_\____/|____/|_____|____/ 
        /_/                                                                

TEST PASSED: : Enviando un correo en Gmail
----------------------------------------------------------------------------?[0m
[Test worker] INFO net.serenitybdd.core.Serenity - STARTING STEP Dado Estoy en la bandeja de entrada de Gmail con usuario pruebascaoliva@gmail.com y contrasena testingsura
dic 27, 2018 10:22:51 AM org.openqa.selenium.remote.DesiredCapabilities chrome
INFORMACIÓN: Using `new ChromeOptions()` is preferred to `DesiredCapabilities.chrome()`
dic 27, 2018 10:22:52 AM org.openqa.selenium.remote.ProtocolHandshake createSession
INFORMACIÓN: Detected dialect: OSS
[Test worker] INFO net.serenitybdd.core.Serenity - STARTING STEP Abrir bandeja de entrada: pruebascaoliva@gmail.com, testingsura
[Test worker] INFO net.serenitybdd.core.Serenity - FINISHING STEP
[Test worker] INFO net.serenitybdd.core.Serenity - FINISHING STEP
[Test worker] INFO net.serenitybdd.core.Serenity - STARTING STEP Cuando Redacto un correo para pruebadestinatario@gmail.com con asunto Prueba 3 y contenido 3 Prueba que pasaria
[Test worker] INFO net.serenitybdd.core.Serenity - STARTING STEP Redactar correo: pruebadestinatario@gmail.com, Prueba 3, 3 Prueba que pasaria
[Test worker] INFO net.serenitybdd.core.Serenity - FINISHING STEP
[Test worker] INFO net.serenitybdd.core.Serenity - FINISHING STEP
[Test worker] INFO net.serenitybdd.core.Serenity - STARTING STEP Entonces Deberia poder enviar mi correo
[Test worker] INFO net.serenitybdd.core.Serenity - STARTING STEP Enviar correo
[Test worker] INFO net.serenitybdd.core.Serenity - FINISHING STEP
[Test worker] INFO net.serenitybdd.core.Serenity - STARTING STEP Ver mensaje enviado
[Test worker] INFO net.serenitybdd.core.Serenity - FINISHING STEP
[Test worker] INFO net.serenitybdd.core.Serenity - STARTING STEP Cerrar sesion
[Test worker] INFO net.serenitybdd.core.Serenity - FINISHING STEP
[Test worker] INFO net.serenitybdd.core.Serenity - FINISHING STEP
[Test worker] INFO net.serenitybdd.core.Serenity - STARTING STEP Entonces Deberia poder ver en la cuenta pruebadestinatario@gmail.com con pass testingsura el correo con remitente pruebascaoliva@gmail.com asunto Prueba 3 y contenido 3 Prueba que pasaria
Starting ChromeDriver 2.45.615291 (ec3682e3c9061c10f26ea9e5cdcf3c53f3f74387) on port 21909
Only local connections are allowed.
dic 27, 2018 10:23:20 AM org.openqa.selenium.remote.ProtocolHandshake createSession
INFORMACIÓN: Detected dialect: OSS
dic 27, 2018 10:23:20 AM org.openqa.selenium.remote.DesiredCapabilities chrome
INFORMACIÓN: Using `new ChromeOptions()` is preferred to `DesiredCapabilities.chrome()`
dic 27, 2018 10:23:21 AM org.openqa.selenium.remote.ProtocolHandshake createSession
INFORMACIÓN: Detected dialect: OSS
[Test worker] INFO net.serenitybdd.core.Serenity - STARTING STEP Abrir bandeja de entrada: pruebadestinatario@gmail.com, testingsura
[Test worker] INFO net.serenitybdd.core.Serenity - FINISHING STEP
[Test worker] INFO net.serenitybdd.core.Serenity - STARTING STEP Revisar correo recibido: pruebascaoliva@gmail.com, Prueba 3, 3 Prueba que pasaria
[Test worker] INFO net.serenitybdd.core.Serenity - FINISHING STEP
[Test worker] INFO net.serenitybdd.core.Serenity - FINISHING STEP
[Test worker] INFO net.serenitybdd.core.Serenity - FINISHING STEP
[Test worker] INFO net.serenitybdd.core.Serenity - ?[92m
        __    _____ _____ ____ _____   ____   _    ____  ____  _____ ____  
  _     \ \  |_   _| ____/ ___|_   _| |  _ \ / \  / ___|/ ___|| ____|  _ \ 
 (_)_____| |   | | |  _| \___ \ | |   | |_) / _ \ \___ \\___ \|  _| | | | |
  _|_____| |   | | | |___ ___) || |   |  __/ ___ \ ___) |___) | |___| |_| |
 (_)     | |   |_| |_____|____/ |_|   |_| /_/   \_\____/|____/|_____|____/ 
        /_/                                                                

TEST PASSED: : Enviando un correo en Gmail
----------------------------------------------------------------------------?[0m
[Test worker] INFO net.serenitybdd.core.Serenity - STARTING STEP Dado Estoy en la bandeja de entrada de Gmail con usuario pruebascaoliva@gmail.com y contrasena testingsura
dic 27, 2018 10:23:41 AM org.openqa.selenium.remote.DesiredCapabilities chrome
INFORMACIÓN: Using `new ChromeOptions()` is preferred to `DesiredCapabilities.chrome()`
dic 27, 2018 10:23:42 AM org.openqa.selenium.remote.ProtocolHandshake createSession
INFORMACIÓN: Detected dialect: OSS
[Test worker] INFO net.serenitybdd.core.Serenity - STARTING STEP Abrir bandeja de entrada: pruebascaoliva@gmail.com, testingsura
[Test worker] INFO net.serenitybdd.core.Serenity - FINISHING STEP
[Test worker] INFO net.serenitybdd.core.Serenity - FINISHING STEP
[Test worker] INFO net.serenitybdd.core.Serenity - STARTING STEP Cuando Redacto un correo para pruebadestinatario@gmail.com con asunto Prueba 4 y contenido 4 Prueba que pasaria
[Test worker] INFO net.serenitybdd.core.Serenity - STARTING STEP Redactar correo: pruebadestinatario@gmail.com, Prueba 4, 4 Prueba que pasaria
[Test worker] INFO net.serenitybdd.core.Serenity - FINISHING STEP
[Test worker] INFO net.serenitybdd.core.Serenity - FINISHING STEP
[Test worker] INFO net.serenitybdd.core.Serenity - STARTING STEP Entonces Deberia poder enviar mi correo
[Test worker] INFO net.serenitybdd.core.Serenity - STARTING STEP Enviar correo
[Test worker] INFO net.serenitybdd.core.Serenity - FINISHING STEP
[Test worker] INFO net.serenitybdd.core.Serenity - STARTING STEP Ver mensaje enviado
[Test worker] INFO net.serenitybdd.core.Serenity - FINISHING STEP
[Test worker] INFO net.serenitybdd.core.Serenity - STARTING STEP Cerrar sesion
[Test worker] INFO net.serenitybdd.core.Serenity - FINISHING STEP
[Test worker] INFO net.serenitybdd.core.Serenity - FINISHING STEP
[Test worker] INFO net.serenitybdd.core.Serenity - STARTING STEP Entonces Deberia poder ver en la cuenta pruebadestinatario@gmail.com con pass testingsura el correo con remitente pruebascaoliva@gmail.com asunto Prueba 4 y contenido 4 Prueba que pasaria
Starting ChromeDriver 2.45.615291 (ec3682e3c9061c10f26ea9e5cdcf3c53f3f74387) on port 44925
Only local connections are allowed.
dic 27, 2018 10:24:11 AM org.openqa.selenium.remote.ProtocolHandshake createSession
INFORMACIÓN: Detected dialect: OSS
dic 27, 2018 10:24:11 AM org.openqa.selenium.remote.DesiredCapabilities chrome
INFORMACIÓN: Using `new ChromeOptions()` is preferred to `DesiredCapabilities.chrome()`
dic 27, 2018 10:24:13 AM org.openqa.selenium.remote.ProtocolHandshake createSession
INFORMACIÓN: Detected dialect: OSS
[Test worker] INFO net.serenitybdd.core.Serenity - STARTING STEP Abrir bandeja de entrada: pruebadestinatario@gmail.com, testingsura
[Test worker] INFO net.serenitybdd.core.Serenity - FINISHING STEP
[Test worker] INFO net.serenitybdd.core.Serenity - STARTING STEP Revisar correo recibido: pruebascaoliva@gmail.com, Prueba 4, 4 Prueba que pasaria
[Test worker] INFO net.serenitybdd.core.Serenity - FINISHING STEP
[Test worker] INFO net.serenitybdd.core.Serenity - FINISHING STEP
[Test worker] INFO net.serenitybdd.core.Serenity - FINISHING STEP
[Test worker] INFO net.serenitybdd.core.Serenity - ?[92m
        __    _____ _____ ____ _____   ____   _    ____  ____  _____ ____  
  _     \ \  |_   _| ____/ ___|_   _| |  _ \ / \  / ___|/ ___|| ____|  _ \ 
 (_)_____| |   | | |  _| \___ \ | |   | |_) / _ \ \___ \\___ \|  _| | | | |
  _|_____| |   | | | |___ ___) || |   |  __/ ___ \ ___) |___) | |___| |_| |
 (_)     | |   |_| |_____|____/ |_|   |_| /_/   \_\____/|____/|_____|____/ 
        /_/                                                                

TEST PASSED: : Enviando un correo en Gmail
----------------------------------------------------------------------------?[0m
]]></system-err>
</testsuite>
